<?xml version="1.0" encoding="UTF-8"?>
<robot generator="Robot 4.1.3 (Python 3.8.10 on linux)" generated="20220202 23:10:33.018" rpa="false" schemaversion="2">
<suite id="s1" name="BB automation" source="/media/kanthan/New Volume/bb_autorepo/BB_Automation/Testcases/BB_automation.robot">
<test id="s1-t1" name="TC01_Accountsummaryverfication">
<kw name="Openbb_app" library="app_keywords">
<kw name="Open Browser" library="SeleniumLibrary">
<arg>${url}</arg>
<arg>${browser}</arg>
<doc>Opens a new browser instance to the optional ``url``.</doc>
<msg timestamp="20220202 23:10:33.846" level="INFO">Opening browser 'gc' to base url 'https://bbsitedemo.btbanking.com/onlineserv/CM/?D=5472'.</msg>
<status status="PASS" starttime="20220202 23:10:33.845" endtime="20220202 23:10:38.138"/>
</kw>
<kw name="web_clickelement" library="Commonkeywords">
<arg>landingpage</arg>
<arg>loginlink</arg>
<kw name="GetLocatorDetails" library="Commonkeywords">
<arg>${pagename}</arg>
<arg>${fieldname}</arg>
<kw name="Openexcel" library="excellib">
<arg>${ObjFile}</arg>
<arg>Sheet</arg>
<status status="PASS" starttime="20220202 23:10:38.140" endtime="20220202 23:10:38.160"/>
</kw>
<kw name="Filterbasedonpagenameandfieldname" library="excellib">
<arg>${pagename}</arg>
<arg>${fieldname}</arg>
<status status="PASS" starttime="20220202 23:10:38.160" endtime="20220202 23:10:38.163"/>
</kw>
<kw name="Converttolist" library="excellib">
<var>${result}</var>
<msg timestamp="20220202 23:10:38.164" level="INFO">${result} = [['landingpage', 'loginlink', '//a[text()="Click here to view an Interactive Demo"]', '20s', '1s']]</msg>
<status status="PASS" starttime="20220202 23:10:38.163" endtime="20220202 23:10:38.164"/>
</kw>
<kw name="Set Test Variable" library="BuiltIn">
<arg>${name}</arg>
<arg>${result}[0][0]</arg>
<doc>Makes a variable available everywhere within the scope of the current test.</doc>
<msg timestamp="20220202 23:10:38.166" level="INFO">${name} = landingpage</msg>
<status status="PASS" starttime="20220202 23:10:38.164" endtime="20220202 23:10:38.166"/>
</kw>
<kw name="Set Test Variable" library="BuiltIn">
<arg>${field}</arg>
<arg>${result}[0][1]</arg>
<doc>Makes a variable available everywhere within the scope of the current test.</doc>
<msg timestamp="20220202 23:10:38.167" level="INFO">${field} = loginlink</msg>
<status status="PASS" starttime="20220202 23:10:38.166" endtime="20220202 23:10:38.167"/>
</kw>
<kw name="Set Test Variable" library="BuiltIn">
<arg>${locator}</arg>
<arg>${result}[0][2]</arg>
<doc>Makes a variable available everywhere within the scope of the current test.</doc>
<msg timestamp="20220202 23:10:38.168" level="INFO">${locator} = //a[text()="Click here to view an Interactive Demo"]</msg>
<status status="PASS" starttime="20220202 23:10:38.167" endtime="20220202 23:10:38.168"/>
</kw>
<kw name="Set Test Variable" library="BuiltIn">
<arg>${beforewait}</arg>
<arg>${result}[0][3]</arg>
<doc>Makes a variable available everywhere within the scope of the current test.</doc>
<msg timestamp="20220202 23:10:38.169" level="INFO">${beforewait} = 20s</msg>
<status status="PASS" starttime="20220202 23:10:38.168" endtime="20220202 23:10:38.170"/>
</kw>
<kw name="Set Test Variable" library="BuiltIn">
<arg>${afterwait}</arg>
<arg>${result}[0][4]</arg>
<doc>Makes a variable available everywhere within the scope of the current test.</doc>
<msg timestamp="20220202 23:10:38.171" level="INFO">${afterwait} = 1s</msg>
<status status="PASS" starttime="20220202 23:10:38.170" endtime="20220202 23:10:38.171"/>
</kw>
<status status="PASS" starttime="20220202 23:10:38.139" endtime="20220202 23:10:38.171"/>
</kw>
<kw name="Run Keyword And Return Status" library="BuiltIn">
<var>${keywordstatus}</var>
<arg>Wait Until Element Is Visible</arg>
<arg>${locator}</arg>
<arg>${beforewait}</arg>
<doc>Runs the given keyword with given arguments and returns the status as a Boolean value.</doc>
<kw name="Wait Until Element Is Visible" library="SeleniumLibrary">
<arg>${locator}</arg>
<arg>${beforewait}</arg>
<doc>Waits until the element ``locator`` is visible.</doc>
<status status="PASS" starttime="20220202 23:10:38.171" endtime="20220202 23:10:38.196"/>
</kw>
<msg timestamp="20220202 23:10:38.196" level="INFO">${keywordstatus} = True</msg>
<status status="PASS" starttime="20220202 23:10:38.171" endtime="20220202 23:10:38.196"/>
</kw>
<kw name="Run Keyword And Return Status" library="BuiltIn">
<var>${keywordstatus}</var>
<arg>Click Element</arg>
<arg>${locator}</arg>
<doc>Runs the given keyword with given arguments and returns the status as a Boolean value.</doc>
<kw name="Click Element" library="SeleniumLibrary">
<arg>${locator}</arg>
<doc>Click the element identified by ``locator``.</doc>
<msg timestamp="20220202 23:10:38.197" level="INFO">Clicking element '//a[text()="Click here to view an Interactive Demo"]'.</msg>
<status status="PASS" starttime="20220202 23:10:38.196" endtime="20220202 23:10:40.965"/>
</kw>
<msg timestamp="20220202 23:10:40.965" level="INFO">${keywordstatus} = True</msg>
<status status="PASS" starttime="20220202 23:10:38.196" endtime="20220202 23:10:40.965"/>
</kw>
<kw name="Sleep" library="BuiltIn">
<arg>${afterwait}</arg>
<doc>Pauses the test executed for the given time.</doc>
<msg timestamp="20220202 23:10:41.966" level="INFO">Slept 1 second</msg>
<status status="PASS" starttime="20220202 23:10:40.966" endtime="20220202 23:10:41.967"/>
</kw>
<kw name="Run Keyword If" library="BuiltIn">
<arg>"${keywordstatus}"=="False"</arg>
<arg>Fail</arg>
<arg>${fieldname} is not visible on the screen \ ${pagename}... so please check</arg>
<doc>Runs the given keyword with the given arguments, if ``condition`` is true.</doc>
<status status="PASS" starttime="20220202 23:10:41.967" endtime="20220202 23:10:41.968"/>
</kw>
<status status="PASS" starttime="20220202 23:10:38.138" endtime="20220202 23:10:41.968"/>
</kw>
<status status="PASS" starttime="20220202 23:10:33.844" endtime="20220202 23:10:41.968"/>
</kw>
<kw name="Close All Browsers" library="SeleniumLibrary" type="TEARDOWN">
<doc>Closes all open browsers and resets the browser cache.</doc>
<status status="PASS" starttime="20220202 23:10:41.969" endtime="20220202 23:10:42.030"/>
</kw>
<status status="PASS" starttime="20220202 23:10:33.843" endtime="20220202 23:10:42.030"/>
</test>
<status status="PASS" starttime="20220202 23:10:33.019" endtime="20220202 23:10:42.031"/>
</suite>
<statistics>
<total>
<stat pass="1" fail="0" skip="0">All Tests</stat>
</total>
<tag>
</tag>
<suite>
<stat pass="1" fail="0" skip="0" id="s1" name="BB automation">BB automation</stat>
</suite>
</statistics>
<errors>
</errors>
</robot>
