<?xml version="1.0" encoding="UTF-8"?>
<robot generator="Robot 4.1.3 (Python 3.8.10 on linux)" generated="20220205 00:08:20.765" rpa="false" schemaversion="2">
<suite id="s1" name="BB automation" source="/media/kanthan/New Volume/bb_autorepo/BB_Automation/Testcases/BB_automation.robot">
<test id="s1-t1" name="TC01_Accountsummaryverfication">
<kw name="Openbb_app" library="app_keywords">
<kw name="Open Browser" library="SeleniumLibrary">
<arg>${url}</arg>
<arg>${browser}</arg>
<doc>Opens a new browser instance to the optional ``url``.</doc>
<msg timestamp="20220205 00:08:23.273" level="INFO">Opening browser 'gc' to base url 'https://bbsitedemo.btbanking.com/onlineserv/CM/?D=5472'.</msg>
<status status="PASS" starttime="20220205 00:08:23.273" endtime="20220205 00:08:40.731"/>
</kw>
<kw name="web_clickelement" library="Commonkeywords">
<arg>landingpage</arg>
<arg>loginlink</arg>
<kw name="GetLocatorDetails" library="Commonkeywords">
<arg>${pagename}</arg>
<arg>${fieldname}</arg>
<kw name="Log Many" library="BuiltIn">
<arg>${ObjFile}</arg>
<arg>${pagename}</arg>
<arg>${fieldname}</arg>
<doc>Logs the given messages as separate entries using the INFO level.</doc>
<msg timestamp="20220205 00:08:40.733" level="INFO">/media/kanthan/New Volume/bb_autorepo/BB_Automation//Testdata//Objectrepo//objectrepo.xlsx</msg>
<msg timestamp="20220205 00:08:40.734" level="INFO">landingpage</msg>
<msg timestamp="20220205 00:08:40.734" level="INFO">loginlink</msg>
<status status="PASS" starttime="20220205 00:08:40.733" endtime="20220205 00:08:40.734"/>
</kw>
<kw name="Openexcel" library="excellib">
<arg>${ObjFile}</arg>
<arg>Sheet</arg>
<status status="PASS" starttime="20220205 00:08:40.734" endtime="20220205 00:08:40.779"/>
</kw>
<kw name="Filterbasedonpagenameandfieldname" library="excellib">
<arg>${pagename}</arg>
<arg>${fieldname}</arg>
<status status="PASS" starttime="20220205 00:08:40.780" endtime="20220205 00:08:40.842"/>
</kw>
<kw name="Converttolist" library="excellib">
<var>${result}</var>
<msg timestamp="20220205 00:08:40.842" level="INFO">${result} = [['landingpage', 'loginlink', '//a[text()="Click here to view an Interactive Demo"]', '20s', '1s']]</msg>
<status status="PASS" starttime="20220205 00:08:40.842" endtime="20220205 00:08:40.842"/>
</kw>
<kw name="Set Test Variable" library="BuiltIn">
<arg>${name}</arg>
<arg>${result}[0][0]</arg>
<doc>Makes a variable available everywhere within the scope of the current test.</doc>
<msg timestamp="20220205 00:08:40.843" level="INFO">${name} = landingpage</msg>
<status status="PASS" starttime="20220205 00:08:40.842" endtime="20220205 00:08:40.843"/>
</kw>
<kw name="Set Test Variable" library="BuiltIn">
<arg>${field}</arg>
<arg>${result}[0][1]</arg>
<doc>Makes a variable available everywhere within the scope of the current test.</doc>
<msg timestamp="20220205 00:08:40.844" level="INFO">${field} = loginlink</msg>
<status status="PASS" starttime="20220205 00:08:40.843" endtime="20220205 00:08:40.845"/>
</kw>
<kw name="Set Test Variable" library="BuiltIn">
<arg>${locator}</arg>
<arg>${result}[0][2]</arg>
<doc>Makes a variable available everywhere within the scope of the current test.</doc>
<msg timestamp="20220205 00:08:40.846" level="INFO">${locator} = //a[text()="Click here to view an Interactive Demo"]</msg>
<status status="PASS" starttime="20220205 00:08:40.845" endtime="20220205 00:08:40.846"/>
</kw>
<kw name="Set Test Variable" library="BuiltIn">
<arg>${beforewait}</arg>
<arg>${result}[0][3]</arg>
<doc>Makes a variable available everywhere within the scope of the current test.</doc>
<msg timestamp="20220205 00:08:40.847" level="INFO">${beforewait} = 20s</msg>
<status status="PASS" starttime="20220205 00:08:40.846" endtime="20220205 00:08:40.848"/>
</kw>
<kw name="Set Test Variable" library="BuiltIn">
<arg>${afterwait}</arg>
<arg>${result}[0][4]</arg>
<doc>Makes a variable available everywhere within the scope of the current test.</doc>
<msg timestamp="20220205 00:08:40.849" level="INFO">${afterwait} = 1s</msg>
<status status="PASS" starttime="20220205 00:08:40.848" endtime="20220205 00:08:40.849"/>
</kw>
<status status="PASS" starttime="20220205 00:08:40.733" endtime="20220205 00:08:40.849"/>
</kw>
<kw name="Run Keyword And Return Status" library="BuiltIn">
<var>${keywordstatus}</var>
<arg>Wait Until Element Is Visible</arg>
<arg>${locator}</arg>
<arg>${beforewait}</arg>
<doc>Runs the given keyword with given arguments and returns the status as a Boolean value.</doc>
<kw name="Wait Until Element Is Visible" library="SeleniumLibrary">
<arg>${locator}</arg>
<arg>${beforewait}</arg>
<doc>Waits until the element ``locator`` is visible.</doc>
<status status="PASS" starttime="20220205 00:08:40.850" endtime="20220205 00:08:40.881"/>
</kw>
<msg timestamp="20220205 00:08:40.881" level="INFO">${keywordstatus} = True</msg>
<status status="PASS" starttime="20220205 00:08:40.850" endtime="20220205 00:08:40.882"/>
</kw>
<kw name="Run Keyword And Return Status" library="BuiltIn">
<var>${keywordstatus}</var>
<arg>Wait Until Keyword Succeeds</arg>
<arg>10</arg>
<arg>2s</arg>
<arg>Click Element</arg>
<arg>${locator}</arg>
<doc>Runs the given keyword with given arguments and returns the status as a Boolean value.</doc>
<kw name="Wait Until Keyword Succeeds" library="BuiltIn">
<arg>10</arg>
<arg>2s</arg>
<arg>Click Element</arg>
<arg>${locator}</arg>
<doc>Runs the specified keyword and retries if it fails.</doc>
<kw name="Click Element" library="SeleniumLibrary">
<arg>${locator}</arg>
<doc>Click the element identified by ``locator``.</doc>
<msg timestamp="20220205 00:08:40.883" level="INFO">Clicking element '//a[text()="Click here to view an Interactive Demo"]'.</msg>
<status status="PASS" starttime="20220205 00:08:40.883" endtime="20220205 00:08:40.972"/>
</kw>
<status status="PASS" starttime="20220205 00:08:40.883" endtime="20220205 00:08:40.973"/>
</kw>
<msg timestamp="20220205 00:08:40.973" level="INFO">${keywordstatus} = True</msg>
<status status="PASS" starttime="20220205 00:08:40.882" endtime="20220205 00:08:40.973"/>
</kw>
<kw name="Sleep" library="BuiltIn">
<arg>${afterwait}</arg>
<doc>Pauses the test executed for the given time.</doc>
<msg timestamp="20220205 00:08:41.973" level="INFO">Slept 1 second</msg>
<status status="PASS" starttime="20220205 00:08:40.973" endtime="20220205 00:08:41.974"/>
</kw>
<kw name="Run Keyword If" library="BuiltIn">
<arg>"${keywordstatus}"=="False"</arg>
<arg>Fail</arg>
<arg>${fieldname} is not visible on the screen \ ${pagename}... so please check</arg>
<doc>Runs the given keyword with the given arguments, if ``condition`` is true.</doc>
<status status="PASS" starttime="20220205 00:08:41.974" endtime="20220205 00:08:41.974"/>
</kw>
<status status="PASS" starttime="20220205 00:08:40.732" endtime="20220205 00:08:41.974"/>
</kw>
<status status="PASS" starttime="20220205 00:08:23.272" endtime="20220205 00:08:41.974"/>
</kw>
<kw name="Maximize Browser Window" library="SeleniumLibrary">
<doc>Maximizes current browser window.</doc>
<status status="PASS" starttime="20220205 00:08:41.975" endtime="20220205 00:08:45.727"/>
</kw>
<kw name="web_Mouseover" library="Commonkeywords">
<arg>landingpage</arg>
<arg>Administration</arg>
<kw name="GetLocatorDetails" library="Commonkeywords">
<arg>${pagename}</arg>
<arg>${fieldname}</arg>
<kw name="Log Many" library="BuiltIn">
<arg>${ObjFile}</arg>
<arg>${pagename}</arg>
<arg>${fieldname}</arg>
<doc>Logs the given messages as separate entries using the INFO level.</doc>
<msg timestamp="20220205 00:08:45.728" level="INFO">/media/kanthan/New Volume/bb_autorepo/BB_Automation//Testdata//Objectrepo//objectrepo.xlsx</msg>
<msg timestamp="20220205 00:08:45.728" level="INFO">landingpage</msg>
<msg timestamp="20220205 00:08:45.728" level="INFO">Administration</msg>
<status status="PASS" starttime="20220205 00:08:45.728" endtime="20220205 00:08:45.728"/>
</kw>
<kw name="Openexcel" library="excellib">
<arg>${ObjFile}</arg>
<arg>Sheet</arg>
<status status="PASS" starttime="20220205 00:08:45.728" endtime="20220205 00:08:45.741"/>
</kw>
<kw name="Filterbasedonpagenameandfieldname" library="excellib">
<arg>${pagename}</arg>
<arg>${fieldname}</arg>
<status status="PASS" starttime="20220205 00:08:45.741" endtime="20220205 00:08:45.758"/>
</kw>
<kw name="Converttolist" library="excellib">
<var>${result}</var>
<msg timestamp="20220205 00:08:45.759" level="INFO">${result} = [['landingpage', 'Administration', "//a[@id='topTabAdmin']", '20s', '1s']]</msg>
<status status="PASS" starttime="20220205 00:08:45.759" endtime="20220205 00:08:45.759"/>
</kw>
<kw name="Set Test Variable" library="BuiltIn">
<arg>${name}</arg>
<arg>${result}[0][0]</arg>
<doc>Makes a variable available everywhere within the scope of the current test.</doc>
<msg timestamp="20220205 00:08:45.759" level="INFO">${name} = landingpage</msg>
<status status="PASS" starttime="20220205 00:08:45.759" endtime="20220205 00:08:45.759"/>
</kw>
<kw name="Set Test Variable" library="BuiltIn">
<arg>${field}</arg>
<arg>${result}[0][1]</arg>
<doc>Makes a variable available everywhere within the scope of the current test.</doc>
<msg timestamp="20220205 00:08:45.760" level="INFO">${field} = Administration</msg>
<status status="PASS" starttime="20220205 00:08:45.760" endtime="20220205 00:08:45.760"/>
</kw>
<kw name="Set Test Variable" library="BuiltIn">
<arg>${locator}</arg>
<arg>${result}[0][2]</arg>
<doc>Makes a variable available everywhere within the scope of the current test.</doc>
<msg timestamp="20220205 00:08:45.760" level="INFO">${locator} = //a[@id='topTabAdmin']</msg>
<status status="PASS" starttime="20220205 00:08:45.760" endtime="20220205 00:08:45.760"/>
</kw>
<kw name="Set Test Variable" library="BuiltIn">
<arg>${beforewait}</arg>
<arg>${result}[0][3]</arg>
<doc>Makes a variable available everywhere within the scope of the current test.</doc>
<msg timestamp="20220205 00:08:45.761" level="INFO">${beforewait} = 20s</msg>
<status status="PASS" starttime="20220205 00:08:45.760" endtime="20220205 00:08:45.761"/>
</kw>
<kw name="Set Test Variable" library="BuiltIn">
<arg>${afterwait}</arg>
<arg>${result}[0][4]</arg>
<doc>Makes a variable available everywhere within the scope of the current test.</doc>
<msg timestamp="20220205 00:08:45.761" level="INFO">${afterwait} = 1s</msg>
<status status="PASS" starttime="20220205 00:08:45.761" endtime="20220205 00:08:45.761"/>
</kw>
<status status="PASS" starttime="20220205 00:08:45.727" endtime="20220205 00:08:45.761"/>
</kw>
<kw name="Run Keyword And Return Status" library="BuiltIn">
<var>${keywordstatus}</var>
<arg>Wait Until Element Is Visible</arg>
<arg>${locator}</arg>
<arg>${beforewait}</arg>
<doc>Runs the given keyword with given arguments and returns the status as a Boolean value.</doc>
<kw name="Wait Until Element Is Visible" library="SeleniumLibrary">
<arg>${locator}</arg>
<arg>${beforewait}</arg>
<doc>Waits until the element ``locator`` is visible.</doc>
<status status="PASS" starttime="20220205 00:08:45.762" endtime="20220205 00:08:45.792"/>
</kw>
<msg timestamp="20220205 00:08:45.792" level="INFO">${keywordstatus} = True</msg>
<status status="PASS" starttime="20220205 00:08:45.762" endtime="20220205 00:08:45.792"/>
</kw>
<kw name="Run Keyword And Return Status" library="BuiltIn">
<var>${keywordstatus}</var>
<arg>Wait Until Keyword Succeeds</arg>
<arg>10</arg>
<arg>2s</arg>
<arg>Mouse Over</arg>
<arg>${locator}</arg>
<doc>Runs the given keyword with given arguments and returns the status as a Boolean value.</doc>
<kw name="Wait Until Keyword Succeeds" library="BuiltIn">
<arg>10</arg>
<arg>2s</arg>
<arg>Mouse Over</arg>
<arg>${locator}</arg>
<doc>Runs the specified keyword and retries if it fails.</doc>
<kw name="Mouse Over" library="SeleniumLibrary">
<arg>${locator}</arg>
<doc>Simulates hovering the mouse over the element ``locator``.</doc>
<msg timestamp="20220205 00:08:45.793" level="INFO">Simulating Mouse Over on element '//a[@id='topTabAdmin']'.</msg>
<status status="PASS" starttime="20220205 00:08:45.792" endtime="20220205 00:08:46.062"/>
</kw>
<status status="PASS" starttime="20220205 00:08:45.792" endtime="20220205 00:08:46.062"/>
</kw>
<msg timestamp="20220205 00:08:46.062" level="INFO">${keywordstatus} = True</msg>
<status status="PASS" starttime="20220205 00:08:45.792" endtime="20220205 00:08:46.062"/>
</kw>
<kw name="Sleep" library="BuiltIn">
<arg>${afterwait}</arg>
<doc>Pauses the test executed for the given time.</doc>
<msg timestamp="20220205 00:08:47.063" level="INFO">Slept 1 second</msg>
<status status="PASS" starttime="20220205 00:08:46.062" endtime="20220205 00:08:47.063"/>
</kw>
<kw name="Run Keyword If" library="BuiltIn">
<arg>"${keywordstatus}"=="False"</arg>
<arg>Fail</arg>
<arg>${fieldname} is not visible on the screen \ ${pagename}... so please check</arg>
<doc>Runs the given keyword with the given arguments, if ``condition`` is true.</doc>
<status status="PASS" starttime="20220205 00:08:47.064" endtime="20220205 00:08:47.064"/>
</kw>
<status status="PASS" starttime="20220205 00:08:45.727" endtime="20220205 00:08:47.065"/>
</kw>
<kw name="web_clickelement" library="Commonkeywords">
<arg>landingpage</arg>
<arg>add_edit_user</arg>
<kw name="GetLocatorDetails" library="Commonkeywords">
<arg>${pagename}</arg>
<arg>${fieldname}</arg>
<kw name="Log Many" library="BuiltIn">
<arg>${ObjFile}</arg>
<arg>${pagename}</arg>
<arg>${fieldname}</arg>
<doc>Logs the given messages as separate entries using the INFO level.</doc>
<msg timestamp="20220205 00:08:47.068" level="INFO">/media/kanthan/New Volume/bb_autorepo/BB_Automation//Testdata//Objectrepo//objectrepo.xlsx</msg>
<msg timestamp="20220205 00:08:47.068" level="INFO">landingpage</msg>
<msg timestamp="20220205 00:08:47.068" level="INFO">add_edit_user</msg>
<status status="PASS" starttime="20220205 00:08:47.067" endtime="20220205 00:08:47.069"/>
</kw>
<kw name="Openexcel" library="excellib">
<arg>${ObjFile}</arg>
<arg>Sheet</arg>
<status status="PASS" starttime="20220205 00:08:47.069" endtime="20220205 00:08:47.083"/>
</kw>
<kw name="Filterbasedonpagenameandfieldname" library="excellib">
<arg>${pagename}</arg>
<arg>${fieldname}</arg>
<status status="PASS" starttime="20220205 00:08:47.084" endtime="20220205 00:08:47.086"/>
</kw>
<kw name="Converttolist" library="excellib">
<var>${result}</var>
<msg timestamp="20220205 00:08:47.087" level="INFO">${result} = [['landingpage', 'add_edit_user', "//a[text()='Add/Change/Remove Users']", '20s', '1s']]</msg>
<status status="PASS" starttime="20220205 00:08:47.086" endtime="20220205 00:08:47.087"/>
</kw>
<kw name="Set Test Variable" library="BuiltIn">
<arg>${name}</arg>
<arg>${result}[0][0]</arg>
<doc>Makes a variable available everywhere within the scope of the current test.</doc>
<msg timestamp="20220205 00:08:47.088" level="INFO">${name} = landingpage</msg>
<status status="PASS" starttime="20220205 00:08:47.087" endtime="20220205 00:08:47.088"/>
</kw>
<kw name="Set Test Variable" library="BuiltIn">
<arg>${field}</arg>
<arg>${result}[0][1]</arg>
<doc>Makes a variable available everywhere within the scope of the current test.</doc>
<msg timestamp="20220205 00:08:47.089" level="INFO">${field} = add_edit_user</msg>
<status status="PASS" starttime="20220205 00:08:47.088" endtime="20220205 00:08:47.089"/>
</kw>
<kw name="Set Test Variable" library="BuiltIn">
<arg>${locator}</arg>
<arg>${result}[0][2]</arg>
<doc>Makes a variable available everywhere within the scope of the current test.</doc>
<msg timestamp="20220205 00:08:47.089" level="INFO">${locator} = //a[text()='Add/Change/Remove Users']</msg>
<status status="PASS" starttime="20220205 00:08:47.089" endtime="20220205 00:08:47.090"/>
</kw>
<kw name="Set Test Variable" library="BuiltIn">
<arg>${beforewait}</arg>
<arg>${result}[0][3]</arg>
<doc>Makes a variable available everywhere within the scope of the current test.</doc>
<msg timestamp="20220205 00:08:47.090" level="INFO">${beforewait} = 20s</msg>
<status status="PASS" starttime="20220205 00:08:47.090" endtime="20220205 00:08:47.090"/>
</kw>
<kw name="Set Test Variable" library="BuiltIn">
<arg>${afterwait}</arg>
<arg>${result}[0][4]</arg>
<doc>Makes a variable available everywhere within the scope of the current test.</doc>
<msg timestamp="20220205 00:08:47.091" level="INFO">${afterwait} = 1s</msg>
<status status="PASS" starttime="20220205 00:08:47.091" endtime="20220205 00:08:47.091"/>
</kw>
<status status="PASS" starttime="20220205 00:08:47.066" endtime="20220205 00:08:47.091"/>
</kw>
<kw name="Run Keyword And Return Status" library="BuiltIn">
<var>${keywordstatus}</var>
<arg>Wait Until Element Is Visible</arg>
<arg>${locator}</arg>
<arg>${beforewait}</arg>
<doc>Runs the given keyword with given arguments and returns the status as a Boolean value.</doc>
<kw name="Wait Until Element Is Visible" library="SeleniumLibrary">
<arg>${locator}</arg>
<arg>${beforewait}</arg>
<doc>Waits until the element ``locator`` is visible.</doc>
<status status="PASS" starttime="20220205 00:08:47.092" endtime="20220205 00:08:47.115"/>
</kw>
<msg timestamp="20220205 00:08:47.115" level="INFO">${keywordstatus} = True</msg>
<status status="PASS" starttime="20220205 00:08:47.092" endtime="20220205 00:08:47.115"/>
</kw>
<kw name="Run Keyword And Return Status" library="BuiltIn">
<var>${keywordstatus}</var>
<arg>Wait Until Keyword Succeeds</arg>
<arg>10</arg>
<arg>2s</arg>
<arg>Click Element</arg>
<arg>${locator}</arg>
<doc>Runs the given keyword with given arguments and returns the status as a Boolean value.</doc>
<kw name="Wait Until Keyword Succeeds" library="BuiltIn">
<arg>10</arg>
<arg>2s</arg>
<arg>Click Element</arg>
<arg>${locator}</arg>
<doc>Runs the specified keyword and retries if it fails.</doc>
<kw name="Click Element" library="SeleniumLibrary">
<arg>${locator}</arg>
<doc>Click the element identified by ``locator``.</doc>
<msg timestamp="20220205 00:08:47.117" level="INFO">Clicking element '//a[text()='Add/Change/Remove Users']'.</msg>
<status status="PASS" starttime="20220205 00:08:47.117" endtime="20220205 00:08:50.157"/>
</kw>
<status status="PASS" starttime="20220205 00:08:47.116" endtime="20220205 00:08:50.157"/>
</kw>
<msg timestamp="20220205 00:08:50.157" level="INFO">${keywordstatus} = True</msg>
<status status="PASS" starttime="20220205 00:08:47.115" endtime="20220205 00:08:50.157"/>
</kw>
<kw name="Sleep" library="BuiltIn">
<arg>${afterwait}</arg>
<doc>Pauses the test executed for the given time.</doc>
<msg timestamp="20220205 00:08:51.158" level="INFO">Slept 1 second</msg>
<status status="PASS" starttime="20220205 00:08:50.157" endtime="20220205 00:08:51.158"/>
</kw>
<kw name="Run Keyword If" library="BuiltIn">
<arg>"${keywordstatus}"=="False"</arg>
<arg>Fail</arg>
<arg>${fieldname} is not visible on the screen \ ${pagename}... so please check</arg>
<doc>Runs the given keyword with the given arguments, if ``condition`` is true.</doc>
<status status="PASS" starttime="20220205 00:08:51.159" endtime="20220205 00:08:51.159"/>
</kw>
<status status="PASS" starttime="20220205 00:08:47.065" endtime="20220205 00:08:51.159"/>
</kw>
<kw name="Handle Alert" library="SeleniumLibrary">
<arg>ACCEPT</arg>
<doc>Handles the current alert and returns its message.</doc>
<msg timestamp="20220205 00:08:51.160" level="INFO">HANDLE::&lt;class 'NoneType'&gt;::None</msg>
<status status="PASS" starttime="20220205 00:08:51.159" endtime="20220205 00:08:51.187"/>
</kw>
<kw name="web_inputtext" library="Commonkeywords">
<arg>add_edit_user</arg>
<arg>Username</arg>
<arg>karthikeyan</arg>
<kw name="GetLocatorDetails" library="Commonkeywords">
<arg>${pagename}</arg>
<arg>${fieldname}</arg>
<kw name="Log Many" library="BuiltIn">
<arg>${ObjFile}</arg>
<arg>${pagename}</arg>
<arg>${fieldname}</arg>
<doc>Logs the given messages as separate entries using the INFO level.</doc>
<msg timestamp="20220205 00:08:51.189" level="INFO">/media/kanthan/New Volume/bb_autorepo/BB_Automation//Testdata//Objectrepo//objectrepo.xlsx</msg>
<msg timestamp="20220205 00:08:51.189" level="INFO">add_edit_user</msg>
<msg timestamp="20220205 00:08:51.190" level="INFO">Username</msg>
<status status="PASS" starttime="20220205 00:08:51.189" endtime="20220205 00:08:51.190"/>
</kw>
<kw name="Openexcel" library="excellib">
<arg>${ObjFile}</arg>
<arg>Sheet</arg>
<status status="PASS" starttime="20220205 00:08:51.190" endtime="20220205 00:08:51.208"/>
</kw>
<kw name="Filterbasedonpagenameandfieldname" library="excellib">
<arg>${pagename}</arg>
<arg>${fieldname}</arg>
<status status="PASS" starttime="20220205 00:08:51.208" endtime="20220205 00:08:51.210"/>
</kw>
<kw name="Converttolist" library="excellib">
<var>${result}</var>
<msg timestamp="20220205 00:08:51.210" level="INFO">${result} = [['add_edit_user', 'Username', '//td[text()="User Name"]/parent::tr/td[2]/input', '20s', '1s']]</msg>
<status status="PASS" starttime="20220205 00:08:51.210" endtime="20220205 00:08:51.210"/>
</kw>
<kw name="Set Test Variable" library="BuiltIn">
<arg>${name}</arg>
<arg>${result}[0][0]</arg>
<doc>Makes a variable available everywhere within the scope of the current test.</doc>
<msg timestamp="20220205 00:08:51.211" level="INFO">${name} = add_edit_user</msg>
<status status="PASS" starttime="20220205 00:08:51.211" endtime="20220205 00:08:51.211"/>
</kw>
<kw name="Set Test Variable" library="BuiltIn">
<arg>${field}</arg>
<arg>${result}[0][1]</arg>
<doc>Makes a variable available everywhere within the scope of the current test.</doc>
<msg timestamp="20220205 00:08:51.212" level="INFO">${field} = Username</msg>
<status status="PASS" starttime="20220205 00:08:51.211" endtime="20220205 00:08:51.212"/>
</kw>
<kw name="Set Test Variable" library="BuiltIn">
<arg>${locator}</arg>
<arg>${result}[0][2]</arg>
<doc>Makes a variable available everywhere within the scope of the current test.</doc>
<msg timestamp="20220205 00:08:51.213" level="INFO">${locator} = //td[text()="User Name"]/parent::tr/td[2]/input</msg>
<status status="PASS" starttime="20220205 00:08:51.212" endtime="20220205 00:08:51.213"/>
</kw>
<kw name="Set Test Variable" library="BuiltIn">
<arg>${beforewait}</arg>
<arg>${result}[0][3]</arg>
<doc>Makes a variable available everywhere within the scope of the current test.</doc>
<msg timestamp="20220205 00:08:51.214" level="INFO">${beforewait} = 20s</msg>
<status status="PASS" starttime="20220205 00:08:51.213" endtime="20220205 00:08:51.214"/>
</kw>
<kw name="Set Test Variable" library="BuiltIn">
<arg>${afterwait}</arg>
<arg>${result}[0][4]</arg>
<doc>Makes a variable available everywhere within the scope of the current test.</doc>
<msg timestamp="20220205 00:08:51.215" level="INFO">${afterwait} = 1s</msg>
<status status="PASS" starttime="20220205 00:08:51.214" endtime="20220205 00:08:51.215"/>
</kw>
<status status="PASS" starttime="20220205 00:08:51.188" endtime="20220205 00:08:51.215"/>
</kw>
<kw name="Run Keyword And Return Status" library="BuiltIn">
<var>${keywordstatus}</var>
<arg>Wait Until Element Is Visible</arg>
<arg>${locator}</arg>
<arg>${beforewait}</arg>
<doc>Runs the given keyword with given arguments and returns the status as a Boolean value.</doc>
<kw name="Wait Until Element Is Visible" library="SeleniumLibrary">
<arg>${locator}</arg>
<arg>${beforewait}</arg>
<doc>Waits until the element ``locator`` is visible.</doc>
<status status="PASS" starttime="20220205 00:08:51.216" endtime="20220205 00:08:51.301"/>
</kw>
<msg timestamp="20220205 00:08:51.302" level="INFO">${keywordstatus} = True</msg>
<status status="PASS" starttime="20220205 00:08:51.215" endtime="20220205 00:08:51.302"/>
</kw>
<kw name="Run Keyword And Return Status" library="BuiltIn">
<var>${keywordstatus}</var>
<arg>Wait Until Keyword Succeeds</arg>
<arg>3</arg>
<arg>2s</arg>
<arg>Input Text</arg>
<arg>${locator}</arg>
<arg>${inputtext}</arg>
<doc>Runs the given keyword with given arguments and returns the status as a Boolean value.</doc>
<kw name="Wait Until Keyword Succeeds" library="BuiltIn">
<arg>3</arg>
<arg>2s</arg>
<arg>Input Text</arg>
<arg>${locator}</arg>
<arg>${inputtext}</arg>
<doc>Runs the specified keyword and retries if it fails.</doc>
<kw name="Input Text" library="SeleniumLibrary">
<arg>${locator}</arg>
<arg>${inputtext}</arg>
<doc>Types the given ``text`` into the text field identified by ``locator``.</doc>
<msg timestamp="20220205 00:08:51.304" level="INFO">Typing text 'karthikeyan' into text field '//td[text()="User Name"]/parent::tr/td[2]/input'.</msg>
<status status="PASS" starttime="20220205 00:08:51.304" endtime="20220205 00:08:51.407"/>
</kw>
<status status="PASS" starttime="20220205 00:08:51.303" endtime="20220205 00:08:51.408"/>
</kw>
<msg timestamp="20220205 00:08:51.408" level="INFO">${keywordstatus} = True</msg>
<status status="PASS" starttime="20220205 00:08:51.302" endtime="20220205 00:08:51.408"/>
</kw>
<kw name="Sleep" library="BuiltIn">
<arg>${afterwait}</arg>
<doc>Pauses the test executed for the given time.</doc>
<msg timestamp="20220205 00:08:52.408" level="INFO">Slept 1 second</msg>
<status status="PASS" starttime="20220205 00:08:51.408" endtime="20220205 00:08:52.409"/>
</kw>
<kw name="Run Keyword If" library="BuiltIn">
<arg>"${keywordstatus}"=="False"</arg>
<arg>Fail</arg>
<arg>${fieldname} is not visible on the screen \ ${pagename}... so please check</arg>
<doc>Runs the given keyword with the given arguments, if ``condition`` is true.</doc>
<status status="PASS" starttime="20220205 00:08:52.409" endtime="20220205 00:08:52.410"/>
</kw>
<status status="PASS" starttime="20220205 00:08:51.187" endtime="20220205 00:08:52.410"/>
</kw>
<kw name="Close All Browsers" library="SeleniumLibrary" type="TEARDOWN">
<doc>Closes all open browsers and resets the browser cache.</doc>
<status status="PASS" starttime="20220205 00:08:52.410" endtime="20220205 00:08:52.471"/>
</kw>
<status status="PASS" starttime="20220205 00:08:23.271" endtime="20220205 00:08:52.471"/>
</test>
<status status="PASS" starttime="20220205 00:08:20.766" endtime="20220205 00:08:52.474"/>
</suite>
<statistics>
<total>
<stat pass="1" fail="0" skip="0">All Tests</stat>
</total>
<tag>
</tag>
<suite>
<stat pass="1" fail="0" skip="0" id="s1" name="BB automation">BB automation</stat>
</suite>
</statistics>
<errors>
</errors>
</robot>
